<?xml version="1.0" encoding="UTF-8"?>
<!-- Generated by org.testng.reporters.JUnitReportReporter -->
<testsuite hostname="LAPTOP-ONN5GLAC" failures="0" tests="4" name="test_api_self_made.test1" time="2.591" errors="0" timestamp="2025-10-01T04:15:05 IST" skipped="0">
  <testcase classname="test_api_self_made.test1" name="put" time="0.035"/>
  <testcase classname="test_api_self_made.test1" name="delete" time="2.463"/>
  <testcase classname="test_api_self_made.test1" name="post" time="0.050"/>
  <testcase classname="test_api_self_made.test1" name="get" time="0.043"/>
</testsuite> <!-- test_api_self_made.test1 -->
