<?xml version="1.0" encoding="UTF-8"?>
<!-- Generated by org.testng.reporters.JUnitReportReporter -->
<testsuite hostname="LAPTOP-ONN5GLAC" failures="0" tests="1" name="schema_validator.validtor" time="3.320" errors="0" timestamp="2025-10-01T05:36:50 IST" skipped="0">
  <testcase classname="schema_validator.validtor" name="get" time="3.320"/>
</testsuite> <!-- schema_validator.validtor -->
